[2026-04-21 22:07:55.196] Preview HTML updated: <p>测试</p>
[2026-04-21 22:07:56.436] Preview HTML updated: <p>测试<br/></p>
[2026-04-21 22:08:11.333] Preview HTML updated: <p>测试</p>
[2026-04-21 22:08:11.515] Preview HTML updated: <p>测</p>
[2026-04-21 22:08:11.691] Preview HTML updated: 
[2026-04-21 22:08:14.158] Preview HTML updated: <p>测试中文</p>
[2026-04-21 22:08:14.588] Preview HTML updated: <p>测试中文<br/></p>
[2026-04-21 22:08:14.964] Preview HTML updated: <p>测试中文<br/><br/></p>
[2026-04-21 22:08:15.411] Preview HTML updated: <p>测试中文<br/></p>
[2026-04-21 22:08:15.692] Preview HTML updated: <p>测试中文</p>
[2026-04-21 22:08:16.004] Preview HTML updated: <p>测试中文<br/></p>
[2026-04-21 22:13:22.996] Preview HTML updated: <p>测试</p>
[2026-04-21 22:13:23.998] Preview HTML updated: <p>测试中文</p>
[2026-04-21 22:13:24.244] Preview HTML updated: <p>测试中文<br/></p>
[2026-04-21 22:17:19.699] Preview HTML updated: <p>百合</p>
[2026-04-21 22:17:20.147] Preview HTML updated: <p>百合<br/></p>
[2026-04-21 22:17:21.701] Preview HTML updated: <p>百合<br/>阿达四季豆啊</p>
[2026-04-21 22:17:22.099] Preview HTML updated: <p>百合<br/>阿达四季豆啊<br/></p>
[2026-04-21 22:17:22.716] Preview HTML updated: <p>百合<br/>阿达四季豆啊</p>
[2026-04-21 22:17:23.217] Preview HTML updated: <p>百合<br/>阿达四季豆</p>
[2026-04-21 22:17:23.248] Preview HTML updated: <p>百合<br/>阿达四季</p>
[2026-04-21 22:17:23.295] Preview HTML updated: <p>百合<br/>阿达四</p>
[2026-04-21 22:17:23.326] Preview HTML updated: <p>百合<br/>阿达</p>
[2026-04-21 22:17:23.357] Preview HTML updated: <p>百合<br/>阿</p>
[2026-04-21 22:17:23.387] Preview HTML updated: <p>百合<br/></p>
[2026-04-21 22:17:23.418] Preview HTML updated: <p>百合</p>
[2026-04-21 22:17:23.450] Preview HTML updated: <p>百</p>
[2026-04-21 22:17:23.482] Preview HTML updated: 
[2026-04-21 23:01:09.130] Preview HTML updated: <p>收到了法律手段浪费</p>
[2026-04-21 23:01:10.088] Preview HTML updated: <p>收到了法律手段浪</p>
[2026-04-21 23:01:10.590] Preview HTML updated: <p>收到了法律手段</p>
[2026-04-21 23:01:10.620] Preview HTML updated: <p>收到了法律手</p>
[2026-04-21 23:01:10.666] Preview HTML updated: <p>收到了法律</p>
[2026-04-21 23:01:10.698] Preview HTML updated: <p>收到了法</p>
[2026-04-21 23:01:10.728] Preview HTML updated: <p>收到了</p>
[2026-04-21 23:01:10.758] Preview HTML updated: <p>收到</p>
[2026-04-21 23:01:10.789] Preview HTML updated: <p>收</p>
[2026-04-21 23:01:10.820] Preview HTML updated: 
[2026-04-22 14:28:52.747] Preview HTML updated: <p>阿萨德红啊</p>
[2026-04-22 14:28:53.190] Preview HTML updated: <p>阿萨德红啊<br/></p>
[2026-04-22 14:28:53.686] Preview HTML updated: <p>阿萨德红啊</p>
[2026-04-22 14:28:53.873] Preview HTML updated: <p>阿萨德红</p>
[2026-04-22 14:28:54.013] Preview HTML updated: <p>阿萨德</p>
[2026-04-22 14:28:54.621] Preview HTML updated: <p>阿萨</p>
[2026-04-22 14:28:54.650] Preview HTML updated: <p>阿</p>
[2026-04-22 14:28:54.684] Preview HTML updated: 
[2026-04-22 15:55:42.192] MonacoEditorControl: Starting WebView2 initialization...
[2026-04-22 15:55:42.205] MonacoEditorControl: root window is null
[2026-04-22 16:08:37.002] MonacoEditorControl: Starting WebView2 initialization...
[2026-04-22 16:08:37.012] MonacoEditorControl: root window is null
